

Microchip MPLAB XC8 Assembler V2.31 build 20201012212115 
                                                                                               Tue Aug 03 18:36:29 2021

Microchip MPLAB XC8 C Compiler v2.31 (Free license) build 20201012212115 Og1 
     1                           	processor	16F887
     2                           	pagewidth 120
     3                           	opt	flic
     4                           	psect	cinit,global,class=CODE,merge=1,delta=2
     5                           	psect	bssCOMMON,global,class=COMMON,space=1,delta=1,noexec
     6                           	psect	cstackCOMMON,global,class=COMMON,space=1,delta=1,noexec
     7                           	psect	cstackBANK0,global,class=BANK0,space=1,delta=1,noexec
     8                           	psect	maintext,global,class=CODE,split=1,delta=2
     9                           	psect	text1,local,class=CODE,merge=1,delta=2
    10                           	psect	text2,local,class=CODE,merge=1,delta=2
    11                           	psect	text3,local,class=CODE,merge=1,delta=2
    12                           	psect	text4,local,class=CODE,merge=1,delta=2
    13                           	psect	text5,local,class=CODE,merge=1,delta=2
    14                           	psect	intentry,global,class=CODE,delta=2
    15                           	psect	text6,local,class=CODE,merge=1,delta=2
    16                           	psect	text7,local,class=CODE,merge=1,delta=2
    17                           	psect	text8,local,class=CODE,merge=1,delta=2
    18                           	psect	config,global,abs,ovrld,class=CONFIG,space=4,delta=2,noexec
    19                           	dabs	1,0x7E,2
    20  0000                     
    21                           ; Version 2.20
    22                           ; Generated 12/02/2020 GMT
    23                           ; 
    24                           ; Copyright © 2020, Microchip Technology Inc. and its subsidiaries ("Microchip")
    25                           ; All rights reserved.
    26                           ; 
    27                           ; This software is developed by Microchip Technology Inc. and its subsidiaries ("Microch
      +                          ip").
    28                           ; 
    29                           ; Redistribution and use in source and binary forms, with or without modification, are
    30                           ; permitted provided that the following conditions are met:
    31                           ; 
    32                           ;     1. Redistributions of source code must retain the above copyright notice, this lis
      +                          t of
    33                           ;        conditions and the following disclaimer.
    34                           ; 
    35                           ;     2. Redistributions in binary form must reproduce the above copyright notice, this 
      +                          list
    36                           ;        of conditions and the following disclaimer in the documentation and/or other
    37                           ;        materials provided with the distribution.
    38                           ; 
    39                           ;     3. Microchip's name may not be used to endorse or promote products derived from th
      +                          is
    40                           ;        software without specific prior written permission.
    41                           ; 
    42                           ; THIS SOFTWARE IS PROVIDED BY MICROCHIP "AS IS" AND ANY EXPRESS OR IMPLIED WARRANTIES,
    43                           ; INCLUDING, BUT NOT LIMITED TO, THE IMPLIED WARRANTIES OF MERCHANTABILITY AND FITNESS F
      +                          OR
    44                           ; PURPOSE ARE DISCLAIMED.  IN NO EVENT SHALL MICROCHIP BE LIABLE FOR ANY DIRECT, INDIREC
      +                          T,
    45                           ; INCIDENTAL, SPECIAL, EXEMPLARY, OR CONSEQUENTIAL DAMAGES (INCLUDING BUT NOT LIMITED TO
    46                           ; PROCUREMENT OF SUBSTITUTE GOODS OR SERVICES; LOSS OF USE, DATA OR PROFITS; OR BUSINESS
    47                           ; INTERRUPTION) HOWSOEVER CAUSED AND ON ANY THEORY OF LIABILITY, WHETHER IN CONTRACT, ST
      +                          RICT
    48                           ; LIABILITY, OR TORT (INCLUDING NEGLIGENCE OR OTHERWISE) ARISING IN ANY WAY OUT OF THE U
      +                          SE OF
    49                           ; THIS SOFTWARE, EVEN IF ADVISED OF THE POSSIBILITY OF SUCH DAMAGE.
    50                           ; 
    51                           ; 
    52                           ; Code-generator required, PIC16F887 Definitions
    53                           ; 
    54                           ; SFR Addresses
    55  0000                     	;# 
    56  0001                     	;# 
    57  0002                     	;# 
    58  0003                     	;# 
    59  0004                     	;# 
    60  0005                     	;# 
    61  0006                     	;# 
    62  0007                     	;# 
    63  0008                     	;# 
    64  0009                     	;# 
    65  000A                     	;# 
    66  000B                     	;# 
    67  000C                     	;# 
    68  000D                     	;# 
    69  000E                     	;# 
    70  000E                     	;# 
    71  000F                     	;# 
    72  0010                     	;# 
    73  0011                     	;# 
    74  0012                     	;# 
    75  0013                     	;# 
    76  0014                     	;# 
    77  0015                     	;# 
    78  0015                     	;# 
    79  0016                     	;# 
    80  0017                     	;# 
    81  0018                     	;# 
    82  0019                     	;# 
    83  001A                     	;# 
    84  001B                     	;# 
    85  001B                     	;# 
    86  001C                     	;# 
    87  001D                     	;# 
    88  001E                     	;# 
    89  001F                     	;# 
    90  0081                     	;# 
    91  0085                     	;# 
    92  0086                     	;# 
    93  0087                     	;# 
    94  0088                     	;# 
    95  0089                     	;# 
    96  008C                     	;# 
    97  008D                     	;# 
    98  008E                     	;# 
    99  008F                     	;# 
   100  0090                     	;# 
   101  0091                     	;# 
   102  0092                     	;# 
   103  0093                     	;# 
   104  0093                     	;# 
   105  0093                     	;# 
   106  0094                     	;# 
   107  0095                     	;# 
   108  0096                     	;# 
   109  0097                     	;# 
   110  0098                     	;# 
   111  0099                     	;# 
   112  009A                     	;# 
   113  009B                     	;# 
   114  009C                     	;# 
   115  009D                     	;# 
   116  009E                     	;# 
   117  009F                     	;# 
   118  0105                     	;# 
   119  0107                     	;# 
   120  0108                     	;# 
   121  0109                     	;# 
   122  010C                     	;# 
   123  010C                     	;# 
   124  010D                     	;# 
   125  010E                     	;# 
   126  010F                     	;# 
   127  0185                     	;# 
   128  0187                     	;# 
   129  0188                     	;# 
   130  0189                     	;# 
   131  018C                     	;# 
   132  018D                     	;# 
   133  0000                     	;# 
   134  0001                     	;# 
   135  0002                     	;# 
   136  0003                     	;# 
   137  0004                     	;# 
   138  0005                     	;# 
   139  0006                     	;# 
   140  0007                     	;# 
   141  0008                     	;# 
   142  0009                     	;# 
   143  000A                     	;# 
   144  000B                     	;# 
   145  000C                     	;# 
   146  000D                     	;# 
   147  000E                     	;# 
   148  000E                     	;# 
   149  000F                     	;# 
   150  0010                     	;# 
   151  0011                     	;# 
   152  0012                     	;# 
   153  0013                     	;# 
   154  0014                     	;# 
   155  0015                     	;# 
   156  0015                     	;# 
   157  0016                     	;# 
   158  0017                     	;# 
   159  0018                     	;# 
   160  0019                     	;# 
   161  001A                     	;# 
   162  001B                     	;# 
   163  001B                     	;# 
   164  001C                     	;# 
   165  001D                     	;# 
   166  001E                     	;# 
   167  001F                     	;# 
   168  0081                     	;# 
   169  0085                     	;# 
   170  0086                     	;# 
   171  0087                     	;# 
   172  0088                     	;# 
   173  0089                     	;# 
   174  008C                     	;# 
   175  008D                     	;# 
   176  008E                     	;# 
   177  008F                     	;# 
   178  0090                     	;# 
   179  0091                     	;# 
   180  0092                     	;# 
   181  0093                     	;# 
   182  0093                     	;# 
   183  0093                     	;# 
   184  0094                     	;# 
   185  0095                     	;# 
   186  0096                     	;# 
   187  0097                     	;# 
   188  0098                     	;# 
   189  0099                     	;# 
   190  009A                     	;# 
   191  009B                     	;# 
   192  009C                     	;# 
   193  009D                     	;# 
   194  009E                     	;# 
   195  009F                     	;# 
   196  0105                     	;# 
   197  0107                     	;# 
   198  0108                     	;# 
   199  0109                     	;# 
   200  010C                     	;# 
   201  010C                     	;# 
   202  010D                     	;# 
   203  010E                     	;# 
   204  010F                     	;# 
   205  0185                     	;# 
   206  0187                     	;# 
   207  0188                     	;# 
   208  0189                     	;# 
   209  018C                     	;# 
   210  018D                     	;# 
   211  0000                     	;# 
   212  0001                     	;# 
   213  0002                     	;# 
   214  0003                     	;# 
   215  0004                     	;# 
   216  0005                     	;# 
   217  0006                     	;# 
   218  0007                     	;# 
   219  0008                     	;# 
   220  0009                     	;# 
   221  000A                     	;# 
   222  000B                     	;# 
   223  000C                     	;# 
   224  000D                     	;# 
   225  000E                     	;# 
   226  000E                     	;# 
   227  000F                     	;# 
   228  0010                     	;# 
   229  0011                     	;# 
   230  0012                     	;# 
   231  0013                     	;# 
   232  0014                     	;# 
   233  0015                     	;# 
   234  0015                     	;# 
   235  0016                     	;# 
   236  0017                     	;# 
   237  0018                     	;# 
   238  0019                     	;# 
   239  001A                     	;# 
   240  001B                     	;# 
   241  001B                     	;# 
   242  001C                     	;# 
   243  001D                     	;# 
   244  001E                     	;# 
   245  001F                     	;# 
   246  0081                     	;# 
   247  0085                     	;# 
   248  0086                     	;# 
   249  0087                     	;# 
   250  0088                     	;# 
   251  0089                     	;# 
   252  008C                     	;# 
   253  008D                     	;# 
   254  008E                     	;# 
   255  008F                     	;# 
   256  0090                     	;# 
   257  0091                     	;# 
   258  0092                     	;# 
   259  0093                     	;# 
   260  0093                     	;# 
   261  0093                     	;# 
   262  0094                     	;# 
   263  0095                     	;# 
   264  0096                     	;# 
   265  0097                     	;# 
   266  0098                     	;# 
   267  0099                     	;# 
   268  009A                     	;# 
   269  009B                     	;# 
   270  009C                     	;# 
   271  009D                     	;# 
   272  009E                     	;# 
   273  009F                     	;# 
   274  0105                     	;# 
   275  0107                     	;# 
   276  0108                     	;# 
   277  0109                     	;# 
   278  010C                     	;# 
   279  010C                     	;# 
   280  010D                     	;# 
   281  010E                     	;# 
   282  010F                     	;# 
   283  0185                     	;# 
   284  0187                     	;# 
   285  0188                     	;# 
   286  0189                     	;# 
   287  018C                     	;# 
   288  018D                     	;# 
   289  0000                     	;# 
   290  0001                     	;# 
   291  0002                     	;# 
   292  0003                     	;# 
   293  0004                     	;# 
   294  0005                     	;# 
   295  0006                     	;# 
   296  0007                     	;# 
   297  0008                     	;# 
   298  0009                     	;# 
   299  000A                     	;# 
   300  000B                     	;# 
   301  000C                     	;# 
   302  000D                     	;# 
   303  000E                     	;# 
   304  000E                     	;# 
   305  000F                     	;# 
   306  0010                     	;# 
   307  0011                     	;# 
   308  0012                     	;# 
   309  0013                     	;# 
   310  0014                     	;# 
   311  0015                     	;# 
   312  0015                     	;# 
   313  0016                     	;# 
   314  0017                     	;# 
   315  0018                     	;# 
   316  0019                     	;# 
   317  001A                     	;# 
   318  001B                     	;# 
   319  001B                     	;# 
   320  001C                     	;# 
   321  001D                     	;# 
   322  001E                     	;# 
   323  001F                     	;# 
   324  0081                     	;# 
   325  0085                     	;# 
   326  0086                     	;# 
   327  0087                     	;# 
   328  0088                     	;# 
   329  0089                     	;# 
   330  008C                     	;# 
   331  008D                     	;# 
   332  008E                     	;# 
   333  008F                     	;# 
   334  0090                     	;# 
   335  0091                     	;# 
   336  0092                     	;# 
   337  0093                     	;# 
   338  0093                     	;# 
   339  0093                     	;# 
   340  0094                     	;# 
   341  0095                     	;# 
   342  0096                     	;# 
   343  0097                     	;# 
   344  0098                     	;# 
   345  0099                     	;# 
   346  009A                     	;# 
   347  009B                     	;# 
   348  009C                     	;# 
   349  009D                     	;# 
   350  009E                     	;# 
   351  009F                     	;# 
   352  0105                     	;# 
   353  0107                     	;# 
   354  0108                     	;# 
   355  0109                     	;# 
   356  010C                     	;# 
   357  010C                     	;# 
   358  010D                     	;# 
   359  010E                     	;# 
   360  010F                     	;# 
   361  0185                     	;# 
   362  0187                     	;# 
   363  0188                     	;# 
   364  0189                     	;# 
   365  018C                     	;# 
   366  018D                     	;# 
   367  0000                     	;# 
   368  0001                     	;# 
   369  0002                     	;# 
   370  0003                     	;# 
   371  0004                     	;# 
   372  0005                     	;# 
   373  0006                     	;# 
   374  0007                     	;# 
   375  0008                     	;# 
   376  0009                     	;# 
   377  000A                     	;# 
   378  000B                     	;# 
   379  000C                     	;# 
   380  000D                     	;# 
   381  000E                     	;# 
   382  000E                     	;# 
   383  000F                     	;# 
   384  0010                     	;# 
   385  0011                     	;# 
   386  0012                     	;# 
   387  0013                     	;# 
   388  0014                     	;# 
   389  0015                     	;# 
   390  0015                     	;# 
   391  0016                     	;# 
   392  0017                     	;# 
   393  0018                     	;# 
   394  0019                     	;# 
   395  001A                     	;# 
   396  001B                     	;# 
   397  001B                     	;# 
   398  001C                     	;# 
   399  001D                     	;# 
   400  001E                     	;# 
   401  001F                     	;# 
   402  0081                     	;# 
   403  0085                     	;# 
   404  0086                     	;# 
   405  0087                     	;# 
   406  0088                     	;# 
   407  0089                     	;# 
   408  008C                     	;# 
   409  008D                     	;# 
   410  008E                     	;# 
   411  008F                     	;# 
   412  0090                     	;# 
   413  0091                     	;# 
   414  0092                     	;# 
   415  0093                     	;# 
   416  0093                     	;# 
   417  0093                     	;# 
   418  0094                     	;# 
   419  0095                     	;# 
   420  0096                     	;# 
   421  0097                     	;# 
   422  0098                     	;# 
   423  0099                     	;# 
   424  009A                     	;# 
   425  009B                     	;# 
   426  009C                     	;# 
   427  009D                     	;# 
   428  009E                     	;# 
   429  009F                     	;# 
   430  0105                     	;# 
   431  0107                     	;# 
   432  0108                     	;# 
   433  0109                     	;# 
   434  010C                     	;# 
   435  010C                     	;# 
   436  010D                     	;# 
   437  010E                     	;# 
   438  010F                     	;# 
   439  0185                     	;# 
   440  0187                     	;# 
   441  0188                     	;# 
   442  0189                     	;# 
   443  018C                     	;# 
   444  018D                     	;# 
   445  0001                     _TMR0	set	1
   446  000C                     _PIR1bits	set	12
   447  0009                     _PORTE	set	9
   448  0008                     _PORTD	set	8
   449  0007                     _PORTC	set	7
   450  0005                     _PORTA	set	5
   451  0006                     _PORTB	set	6
   452  0006                     _PORTBbits	set	6
   453  000B                     _INTCONbits	set	11
   454  001E                     _ADRESH	set	30
   455  0013                     _SSPBUF	set	19
   456  0014                     _SSPCON	set	20
   457  001F                     _ADCON0bits	set	31
   458  0063                     _SSPIF	set	99
   459  0066                     _ADIF	set	102
   460  0096                     _IOCB	set	150
   461  0095                     _WPUB	set	149
   462  0081                     _OPTION_REGbits	set	129
   463  0085                     _TRISAbits	set	133
   464  008C                     _PIE1bits	set	140
   465  0086                     _TRISB	set	134
   466  0089                     _TRISE	set	137
   467  0088                     _TRISD	set	136
   468  0087                     _TRISC	set	135
   469  0085                     _TRISA	set	133
   470  008F                     _OSCCONbits	set	143
   471  0094                     _SSPSTATbits	set	148
   472  0094                     _SSPSTAT	set	148
   473  009F                     _ADCON1bits	set	159
   474  043B                     _TRISC3	set	1083
   475  043D                     _TRISC5	set	1085
   476  0188                     _ANSEL	set	392
   477  0189                     _ANSELH	set	393
   478                           
   479                           	psect	cinit
   480  000F                     start_initialization:	
   481                           ; #config settings
   482                           
   483  000F                     __initialization:
   484                           
   485                           ; Clear objects allocated to COMMON
   486  000F  01F5               	clrf	__pbssCOMMON& (0+127)
   487  0010  01F6               	clrf	(__pbssCOMMON+1)& (0+127)
   488  0011  01F7               	clrf	(__pbssCOMMON+2)& (0+127)
   489  0012  01F8               	clrf	(__pbssCOMMON+3)& (0+127)
   490  0013                     end_of_initialization:	
   491                           ;End of C runtime variable initialization code
   492                           
   493  0013                     __end_of__initialization:
   494  0013  0183               	clrf	3
   495  0014  120A  118A  28FB   	ljmp	_main	;jump to C main() function
   496                           
   497                           	psect	bssCOMMON
   498  0075                     __pbssCOMMON:
   499  0075                     _flag:
   500  0075                     	ds	1
   501  0076                     _pot_2:
   502  0076                     	ds	1
   503  0077                     _pot_1:
   504  0077                     	ds	1
   505  0078                     _temp:
   506  0078                     	ds	1
   507                           
   508                           	psect	cstackCOMMON
   509  0070                     __pcstackCOMMON:
   510  0070                     ?_setup:
   511  0070                     ?_init_push:	
   512                           ; 1 bytes @ 0x0
   513                           
   514  0070                     ?_ADC:	
   515                           ; 1 bytes @ 0x0
   516                           
   517  0070                     ?_spiReceiveWait:	
   518                           ; 1 bytes @ 0x0
   519                           
   520  0070                     ??_spiReceiveWait:	
   521                           ; 1 bytes @ 0x0
   522                           
   523  0070                     ?_spiWrite:	
   524                           ; 1 bytes @ 0x0
   525                           
   526  0070                     ??_spiWrite:	
   527                           ; 1 bytes @ 0x0
   528                           
   529  0070                     ?_spiRead:	
   530                           ; 1 bytes @ 0x0
   531                           
   532  0070                     ??_spiRead:	
   533                           ; 1 bytes @ 0x0
   534                           
   535  0070                     ?_isr:	
   536                           ; 1 bytes @ 0x0
   537                           
   538  0070                     ?_main:	
   539                           ; 1 bytes @ 0x0
   540                           
   541  0070                     spiWrite@dat:	
   542                           ; 1 bytes @ 0x0
   543                           
   544                           
   545                           ; 1 bytes @ 0x0
   546  0070                     	ds	1
   547  0071                     ??_isr:
   548                           
   549                           ; 1 bytes @ 0x1
   550  0071                     	ds	3
   551  0074                     ??_init_push:
   552  0074                     ??_ADC:	
   553                           ; 1 bytes @ 0x4
   554                           
   555  0074                     ??_spiInit:	
   556                           ; 1 bytes @ 0x4
   557                           
   558  0074                     spiInit@sType:	
   559                           ; 1 bytes @ 0x4
   560                           
   561                           
   562                           ; 1 bytes @ 0x4
   563  0074                     	ds	1
   564  0075                     ??_setup:
   565  0075                     ??_main:	
   566                           ; 1 bytes @ 0x5
   567                           
   568                           
   569                           	psect	cstackBANK0
   570  0020                     __pcstackBANK0:	
   571                           ; 1 bytes @ 0x5
   572                           
   573  0020                     ?_spiInit:
   574  0020                     spiInit@sDataSample:	
   575                           ; 1 bytes @ 0x0
   576                           
   577                           
   578                           ; 1 bytes @ 0x0
   579  0020                     	ds	1
   580  0021                     spiInit@sClockIdle:
   581                           
   582                           ; 1 bytes @ 0x1
   583  0021                     	ds	1
   584  0022                     spiInit@sTransmitEdge:
   585                           
   586                           ; 1 bytes @ 0x2
   587  0022                     	ds	1
   588                           
   589                           	psect	maintext
   590  00FB                     __pmaintext:	
   591 ;;
   592 ;;Main: autosize = 0, tempsize = 0, incstack = 0, save=0
   593 ;;
   594 ;; *************** function _main *****************
   595 ;; Defined at:
   596 ;;		line 118 in file "lab3_slave_main.c"
   597 ;; Parameters:    Size  Location     Type
   598 ;;		None
   599 ;; Auto vars:     Size  Location     Type
   600 ;;		None
   601 ;; Return value:  Size  Location     Type
   602 ;;                  1    wreg      void 
   603 ;; Registers used:
   604 ;;		wreg, status,2, status,0, pclath, cstack
   605 ;; Tracked objects:
   606 ;;		On entry : B00/0
   607 ;;		On exit  : 0/0
   608 ;;		Unchanged: 0/0
   609 ;; Data sizes:     COMMON   BANK0   BANK1   BANK3   BANK2
   610 ;;      Params:         0       0       0       0       0
   611 ;;      Locals:         0       0       0       0       0
   612 ;;      Temps:          0       0       0       0       0
   613 ;;      Totals:         0       0       0       0       0
   614 ;;Total ram usage:        0 bytes
   615 ;; Hardware stack levels required when called:    5
   616 ;; This function calls:
   617 ;;		_setup
   618 ;; This function is called by:
   619 ;;		Startup code after reset
   620 ;; This function uses a non-reentrant model
   621 ;;
   622                           
   623                           
   624                           ;psect for function _main
   625  00FB                     _main:
   626  00FB                     l1030:	
   627                           ;incstack = 0
   628                           ; Regs used in _main: [wreg+status,2+status,0+pclath+cstack]
   629                           
   630                           
   631                           ;lab3_slave_main.c: 119:     OPTION_REGbits.PS0 = 1;
   632  00FB  120A  118A  2072  120A  118A  	fcall	_setup
   633  0100                     l129:	
   634                           ;lab3_slave_main.c: 120:     TMR0 = 10;
   635                           
   636  0100                     l130:	
   637                           ;lab3_slave_main.c: 122:     spiInit(SPI_SLAVE_SS_EN, SPI_DATA_SAMPLE_MIDDLE, SPI_CLOCK_
      +                          IDLE_LOW, SPI_IDLE_2_ACTIVE);
   638                           
   639  0100  2900               	goto	l129
   640  0101  120A  118A  280C   	ljmp	start
   641  0104                     __end_of_main:
   642                           
   643                           	psect	text1
   644  0072                     __ptext1:	
   645 ;; *************** function _setup *****************
   646 ;; Defined at:
   647 ;;		line 128 in file "lab3_slave_main.c"
   648 ;; Parameters:    Size  Location     Type
   649 ;;		None
   650 ;; Auto vars:     Size  Location     Type
   651 ;;		None
   652 ;; Return value:  Size  Location     Type
   653 ;;                  1    wreg      void 
   654 ;; Registers used:
   655 ;;		wreg, status,2, status,0, pclath, cstack
   656 ;; Tracked objects:
   657 ;;		On entry : 0/0
   658 ;;		On exit  : 0/0
   659 ;;		Unchanged: 0/0
   660 ;; Data sizes:     COMMON   BANK0   BANK1   BANK3   BANK2
   661 ;;      Params:         0       0       0       0       0
   662 ;;      Locals:         0       0       0       0       0
   663 ;;      Temps:          0       0       0       0       0
   664 ;;      Totals:         0       0       0       0       0
   665 ;;Total ram usage:        0 bytes
   666 ;; Hardware stack levels used:    1
   667 ;; Hardware stack levels required when called:    4
   668 ;; This function calls:
   669 ;;		_ADC
   670 ;;		_init_push
   671 ;;		_spiInit
   672 ;; This function is called by:
   673 ;;		_main
   674 ;; This function uses a non-reentrant model
   675 ;;
   676                           
   677                           
   678                           ;psect for function _setup
   679  0072                     _setup:
   680  0072                     l968:	
   681                           ;incstack = 0
   682                           ; Regs used in _setup: [wreg+status,2+status,0+pclath+cstack]
   683                           
   684  0072  1683               	bsf	3,5	;RP0=1, select bank1
   685  0073  1303               	bcf	3,6	;RP1=0, select bank1
   686  0074  170F               	bsf	15,6	;volatile
   687  0075  168F               	bsf	15,5	;volatile
   688  0076  160F               	bsf	15,4	;volatile
   689  0077  140F               	bsf	15,0	;volatile
   690  0078                     l970:
   691  0078  1683               	bsf	3,5	;RP0=1, select bank3
   692  0079  1703               	bsf	3,6	;RP1=1, select bank3
   693  007A  0189               	clrf	9	;volatile
   694  007B                     l972:
   695  007B  3003               	movlw	3
   696  007C  0088               	movwf	8	;volatile
   697  007D                     l974:
   698  007D  3023               	movlw	35
   699  007E  1683               	bsf	3,5	;RP0=1, select bank1
   700  007F  1303               	bcf	3,6	;RP1=0, select bank1
   701  0080  0085               	movwf	5	;volatile
   702  0081                     l976:
   703  0081  3018               	movlw	24
   704  0082  0087               	movwf	7	;volatile
   705  0083                     l978:
   706  0083  0188               	clrf	8	;volatile
   707  0084                     l980:
   708  0084  0189               	clrf	9	;volatile
   709  0085                     l982:
   710  0085  3003               	movlw	3
   711  0086  0086               	movwf	6	;volatile
   712  0087                     l984:
   713  0087  3003               	movlw	3
   714  0088  1283               	bcf	3,5	;RP0=0, select bank0
   715  0089  1303               	bcf	3,6	;RP1=0, select bank0
   716  008A  0086               	movwf	6	;volatile
   717  008B                     l986:
   718  008B  0185               	clrf	5	;volatile
   719  008C                     l988:
   720  008C  0187               	clrf	7	;volatile
   721  008D                     l990:
   722  008D  0188               	clrf	8	;volatile
   723  008E                     l992:
   724  008E  0189               	clrf	9	;volatile
   725  008F                     l994:
   726  008F  120A  118A  20DB  120A  118A  	fcall	_ADC
   727  0094                     l996:
   728  0094  120A  118A  20F1  120A  118A  	fcall	_init_push
   729  0099                     l998:
   730  0099  178B               	bsf	11,7	;volatile
   731  009A                     l1000:
   732  009A  168B               	bsf	11,5	;volatile
   733  009B                     l1002:
   734  009B  110B               	bcf	11,2	;volatile
   735  009C                     l1004:
   736  009C  170B               	bsf	11,6	;volatile
   737  009D                     l1006:
   738  009D  1283               	bcf	3,5	;RP0=0, select bank0
   739  009E  1303               	bcf	3,6	;RP1=0, select bank0
   740  009F  118C               	bcf	12,3	;volatile
   741  00A0                     l1008:
   742  00A0  1683               	bsf	3,5	;RP0=1, select bank1
   743  00A1  1303               	bcf	3,6	;RP1=0, select bank1
   744  00A2  158C               	bsf	12,3	;volatile
   745  00A3                     l1010:
   746  00A3  1685               	bsf	5,5	;volatile
   747  00A4                     l1012:
   748  00A4  170C               	bsf	12,6	;volatile
   749  00A5                     l1014:
   750  00A5  1283               	bcf	3,5	;RP0=0, select bank0
   751  00A6  1303               	bcf	3,6	;RP1=0, select bank0
   752  00A7  130C               	bcf	12,6	;volatile
   753  00A8                     l1016:
   754  00A8  1683               	bsf	3,5	;RP0=1, select bank1
   755  00A9  1303               	bcf	3,6	;RP1=0, select bank1
   756  00AA  1281               	bcf	1,5	;volatile
   757  00AB                     l1018:
   758  00AB  1181               	bcf	1,3	;volatile
   759  00AC                     l1020:
   760  00AC  1501               	bsf	1,2	;volatile
   761  00AD                     l1022:
   762  00AD  1481               	bsf	1,1	;volatile
   763  00AE                     l1024:
   764  00AE  1401               	bsf	1,0	;volatile
   765  00AF                     l1026:
   766  00AF  300A               	movlw	10
   767  00B0  1283               	bcf	3,5	;RP0=0, select bank0
   768  00B1  1303               	bcf	3,6	;RP1=0, select bank0
   769  00B2  0081               	movwf	1	;volatile
   770  00B3                     l1028:
   771  00B3  01A0               	clrf	spiInit@sDataSample
   772  00B4  01A1               	clrf	spiInit@sClockIdle
   773  00B5  01A2               	clrf	spiInit@sTransmitEdge
   774  00B6  3024               	movlw	36
   775  00B7  120A  118A  20BD  120A  118A  	fcall	_spiInit
   776  00BC                     l135:
   777  00BC  0008               	return
   778  00BD                     __end_of_setup:
   779                           
   780                           	psect	text2
   781  00BD                     __ptext2:	
   782 ;; *************** function _spiInit *****************
   783 ;; Defined at:
   784 ;;		line 12 in file "SPI.c"
   785 ;; Parameters:    Size  Location     Type
   786 ;;  sType           1    wreg     enum E1264
   787 ;;  sDataSample     1    0[BANK0 ] enum E1272
   788 ;;  sClockIdle      1    1[BANK0 ] enum E1276
   789 ;;  sTransmitEdg    1    2[BANK0 ] enum E1280
   790 ;; Auto vars:     Size  Location     Type
   791 ;;  sType           1    4[COMMON] enum E1264
   792 ;; Return value:  Size  Location     Type
   793 ;;                  1    wreg      void 
   794 ;; Registers used:
   795 ;;		wreg, status,2, status,0
   796 ;; Tracked objects:
   797 ;;		On entry : 0/0
   798 ;;		On exit  : 0/0
   799 ;;		Unchanged: 0/0
   800 ;; Data sizes:     COMMON   BANK0   BANK1   BANK3   BANK2
   801 ;;      Params:         0       3       0       0       0
   802 ;;      Locals:         1       0       0       0       0
   803 ;;      Temps:          0       0       0       0       0
   804 ;;      Totals:         1       3       0       0       0
   805 ;;Total ram usage:        4 bytes
   806 ;; Hardware stack levels used:    1
   807 ;; Hardware stack levels required when called:    3
   808 ;; This function calls:
   809 ;;		Nothing
   810 ;; This function is called by:
   811 ;;		_setup
   812 ;; This function uses a non-reentrant model
   813 ;;
   814                           
   815                           
   816                           ;psect for function _spiInit
   817  00BD                     _spiInit:
   818                           
   819                           ;incstack = 0
   820                           ; Regs used in _spiInit: [wreg+status,2+status,0]
   821                           ;spiInit@sType stored from wreg
   822  00BD  00F4               	movwf	spiInit@sType
   823  00BE                     l958:
   824                           
   825                           ;SPI.c: 12: void spiInit(Spi_Type sType, Spi_Data_Sample sDataSample, Spi_Clock_Idle sCl
      +                          ockIdle, Spi_Transmit_Edge sTransmitEdge);SPI.c: 13: {;SPI.c: 14:     TRISC5 = 0;
   826  00BE  1683               	bsf	3,5	;RP0=1, select bank1
   827  00BF  1303               	bcf	3,6	;RP1=0, select bank1
   828  00C0  1287               	bcf	7,5	;volatile
   829                           
   830                           ;SPI.c: 15:     if(sType & 0b00000100)
   831  00C1  1D74               	btfss	spiInit@sType,2
   832  00C2  28C4               	goto	u111
   833  00C3  28C5               	goto	u110
   834  00C4                     u111:
   835  00C4  28CD               	goto	l964
   836  00C5                     u110:
   837  00C5                     l960:
   838                           
   839                           ;SPI.c: 16:     {;SPI.c: 17:         SSPSTAT = sTransmitEdge;
   840  00C5  1283               	bcf	3,5	;RP0=0, select bank0
   841  00C6  1303               	bcf	3,6	;RP1=0, select bank0
   842  00C7  0822               	movf	spiInit@sTransmitEdge,w
   843  00C8  1683               	bsf	3,5	;RP0=1, select bank1
   844  00C9  1303               	bcf	3,6	;RP1=0, select bank1
   845  00CA  0094               	movwf	20	;volatile
   846  00CB                     l962:
   847                           
   848                           ;SPI.c: 18:         TRISC3 = 1;
   849  00CB  1587               	bsf	7,3	;volatile
   850                           
   851                           ;SPI.c: 19:     }
   852  00CC  28D5               	goto	l25
   853  00CD                     l964:
   854                           
   855                           ;SPI.c: 21:     {;SPI.c: 22:         SSPSTAT = sDataSample | sTransmitEdge;
   856  00CD  1283               	bcf	3,5	;RP0=0, select bank0
   857  00CE  1303               	bcf	3,6	;RP1=0, select bank0
   858  00CF  0820               	movf	spiInit@sDataSample,w
   859  00D0  0422               	iorwf	spiInit@sTransmitEdge,w
   860  00D1  1683               	bsf	3,5	;RP0=1, select bank1
   861  00D2  1303               	bcf	3,6	;RP1=0, select bank1
   862  00D3  0094               	movwf	20	;volatile
   863  00D4                     l966:
   864                           
   865                           ;SPI.c: 23:         TRISC3 = 0;
   866  00D4  1187               	bcf	7,3	;volatile
   867  00D5                     l25:	
   868                           ;SPI.c: 24:     }
   869                           
   870                           
   871                           ;SPI.c: 26:     SSPCON = sType | sClockIdle;
   872  00D5  0874               	movf	spiInit@sType,w
   873  00D6  1283               	bcf	3,5	;RP0=0, select bank0
   874  00D7  1303               	bcf	3,6	;RP1=0, select bank0
   875  00D8  0421               	iorwf	spiInit@sClockIdle,w
   876  00D9  0094               	movwf	20	;volatile
   877  00DA                     l26:
   878  00DA  0008               	return
   879  00DB                     __end_of_spiInit:
   880                           
   881                           	psect	text3
   882  00F1                     __ptext3:	
   883 ;; *************** function _init_push *****************
   884 ;; Defined at:
   885 ;;		line 17 in file "PUSH.c"
   886 ;; Parameters:    Size  Location     Type
   887 ;;		None
   888 ;; Auto vars:     Size  Location     Type
   889 ;;		None
   890 ;; Return value:  Size  Location     Type
   891 ;;                  1    wreg      void 
   892 ;; Registers used:
   893 ;;		wreg
   894 ;; Tracked objects:
   895 ;;		On entry : 0/0
   896 ;;		On exit  : 0/0
   897 ;;		Unchanged: 0/0
   898 ;; Data sizes:     COMMON   BANK0   BANK1   BANK3   BANK2
   899 ;;      Params:         0       0       0       0       0
   900 ;;      Locals:         0       0       0       0       0
   901 ;;      Temps:          0       0       0       0       0
   902 ;;      Totals:         0       0       0       0       0
   903 ;;Total ram usage:        0 bytes
   904 ;; Hardware stack levels used:    1
   905 ;; Hardware stack levels required when called:    3
   906 ;; This function calls:
   907 ;;		Nothing
   908 ;; This function is called by:
   909 ;;		_setup
   910 ;; This function uses a non-reentrant model
   911 ;;
   912                           
   913                           
   914                           ;psect for function _init_push
   915  00F1                     _init_push:
   916  00F1                     l762:	
   917                           ;incstack = 0
   918                           ; Regs used in _init_push: [wreg]
   919                           
   920                           
   921                           ;PUSH.c: 19:     OPTION_REGbits.nRBPU = 0 ;
   922  00F1  1683               	bsf	3,5	;RP0=1, select bank1
   923  00F2  1303               	bcf	3,6	;RP1=0, select bank1
   924  00F3  1381               	bcf	1,7	;volatile
   925  00F4                     l764:
   926                           
   927                           ;PUSH.c: 20:     WPUB = 0x03;
   928  00F4  3003               	movlw	3
   929  00F5  0095               	movwf	21	;volatile
   930  00F6                     l766:
   931                           
   932                           ;PUSH.c: 22:     INTCONbits.RBIE = 1;
   933  00F6  158B               	bsf	11,3	;volatile
   934  00F7                     l768:
   935                           
   936                           ;PUSH.c: 23:     INTCONbits.RBIF = 0;
   937  00F7  100B               	bcf	11,0	;volatile
   938                           
   939                           ;PUSH.c: 25:     IOCB = 0x03;
   940  00F8  3003               	movlw	3
   941  00F9  0096               	movwf	22	;volatile
   942  00FA                     l146:
   943  00FA  0008               	return
   944  00FB                     __end_of_init_push:
   945                           
   946                           	psect	text4
   947  00DB                     __ptext4:	
   948 ;; *************** function _ADC *****************
   949 ;; Defined at:
   950 ;;		line 16 in file "ADC.c"
   951 ;; Parameters:    Size  Location     Type
   952 ;;		None
   953 ;; Auto vars:     Size  Location     Type
   954 ;;		None
   955 ;; Return value:  Size  Location     Type
   956 ;;                  1    wreg      void 
   957 ;; Registers used:
   958 ;;		wreg, status,2, status,0
   959 ;; Tracked objects:
   960 ;;		On entry : 0/0
   961 ;;		On exit  : 0/0
   962 ;;		Unchanged: 0/0
   963 ;; Data sizes:     COMMON   BANK0   BANK1   BANK3   BANK2
   964 ;;      Params:         0       0       0       0       0
   965 ;;      Locals:         0       0       0       0       0
   966 ;;      Temps:          1       0       0       0       0
   967 ;;      Totals:         1       0       0       0       0
   968 ;;Total ram usage:        1 bytes
   969 ;; Hardware stack levels used:    1
   970 ;; Hardware stack levels required when called:    3
   971 ;; This function calls:
   972 ;;		Nothing
   973 ;; This function is called by:
   974 ;;		_setup
   975 ;; This function uses a non-reentrant model
   976 ;;
   977                           
   978                           
   979                           ;psect for function _ADC
   980  00DB                     _ADC:
   981  00DB                     l738:	
   982                           ;incstack = 0
   983                           ; Regs used in _ADC: [wreg+status,2+status,0]
   984                           
   985                           
   986                           ;ADC.c: 18:         ADCON1bits.ADFM = 0;
   987  00DB  1683               	bsf	3,5	;RP0=1, select bank1
   988  00DC  1303               	bcf	3,6	;RP1=0, select bank1
   989  00DD  139F               	bcf	31,7	;volatile
   990                           
   991                           ;ADC.c: 19:         ADCON1bits.VCFG0 = 0;
   992  00DE  121F               	bcf	31,4	;volatile
   993                           
   994                           ;ADC.c: 20:         ADCON1bits.VCFG1 = 0;
   995  00DF  129F               	bcf	31,5	;volatile
   996  00E0                     l740:
   997                           
   998                           ;ADC.c: 22:         ADCON0bits.ADCS = 0b10;
   999  00E0  1283               	bcf	3,5	;RP0=0, select bank0
  1000  00E1  1303               	bcf	3,6	;RP1=0, select bank0
  1001  00E2  081F               	movf	31,w	;volatile
  1002  00E3  393F               	andlw	-193
  1003  00E4  3880               	iorlw	128
  1004  00E5  009F               	movwf	31	;volatile
  1005                           
  1006                           ;ADC.c: 23:         ADCON0bits.CHS = 0;
  1007  00E6  30C3               	movlw	-61
  1008  00E7  059F               	andwf	31,f	;volatile
  1009  00E8                     l742:
  1010                           
  1011                           ;ADC.c: 24:         ADCON0bits.ADON = 1;
  1012  00E8  141F               	bsf	31,0	;volatile
  1013  00E9                     l744:
  1014                           
  1015                           ;ADC.c: 25:         _delay((unsigned long)((50)*(8000000/4000000.0)));
  1016  00E9  3021               	movlw	33
  1017  00EA  00F4               	movwf	??_ADC
  1018  00EB                     u127:
  1019  00EB  0BF4               	decfsz	??_ADC,f
  1020  00EC  28EB               	goto	u127
  1021  00ED                     l746:
  1022                           
  1023                           ;ADC.c: 26:         ADCON0bits.GO = 1;
  1024  00ED  1283               	bcf	3,5	;RP0=0, select bank0
  1025  00EE  1303               	bcf	3,6	;RP1=0, select bank0
  1026  00EF  149F               	bsf	31,1	;volatile
  1027  00F0                     l9:
  1028  00F0  0008               	return
  1029  00F1                     __end_of_ADC:
  1030                           
  1031                           	psect	text5
  1032  0017                     __ptext5:	
  1033 ;; *************** function _isr *****************
  1034 ;; Defined at:
  1035 ;;		line 73 in file "lab3_slave_main.c"
  1036 ;; Parameters:    Size  Location     Type
  1037 ;;		None
  1038 ;; Auto vars:     Size  Location     Type
  1039 ;;		None
  1040 ;; Return value:  Size  Location     Type
  1041 ;;                  1    wreg      void 
  1042 ;; Registers used:
  1043 ;;		wreg, status,2, status,0, pclath, cstack
  1044 ;; Tracked objects:
  1045 ;;		On entry : 0/0
  1046 ;;		On exit  : 0/0
  1047 ;;		Unchanged: 0/0
  1048 ;; Data sizes:     COMMON   BANK0   BANK1   BANK3   BANK2
  1049 ;;      Params:         0       0       0       0       0
  1050 ;;      Locals:         0       0       0       0       0
  1051 ;;      Temps:          3       0       0       0       0
  1052 ;;      Totals:         3       0       0       0       0
  1053 ;;Total ram usage:        3 bytes
  1054 ;; Hardware stack levels used:    1
  1055 ;; Hardware stack levels required when called:    2
  1056 ;; This function calls:
  1057 ;;		_spiRead
  1058 ;;		_spiWrite
  1059 ;; This function is called by:
  1060 ;;		Interrupt level 1
  1061 ;; This function uses a non-reentrant model
  1062 ;;
  1063                           
  1064                           
  1065                           ;psect for function _isr
  1066  0017                     _isr:
  1067  0017                     i1l842:
  1068                           
  1069                           ;lab3_slave_main.c: 75:     OSCCONbits.IRCF1 = 1;
  1070  0017  1283               	bcf	3,5	;RP0=0, select bank0
  1071  0018  1303               	bcf	3,6	;RP1=0, select bank0
  1072  0019  1F0C               	btfss	12,6	;volatile
  1073  001A  281C               	goto	u3_21
  1074  001B  281D               	goto	u3_20
  1075  001C                     u3_21:
  1076  001C  2839               	goto	i1l862
  1077  001D                     u3_20:
  1078  001D                     i1l844:
  1079                           
  1080                           ;lab3_slave_main.c: 76:     OSCCONbits.IRCF0 = 1;
  1081  001D  0375               	decf	_flag,w
  1082  001E  1D03               	btfss	3,2
  1083  001F  2821               	goto	u4_21
  1084  0020  2822               	goto	u4_20
  1085  0021                     u4_21:
  1086  0021  2829               	goto	i1l852
  1087  0022                     u4_20:
  1088  0022                     i1l846:
  1089                           
  1090                           ;lab3_slave_main.c: 77:     OSCCONbits.SCS = 1;
  1091  0022  081E               	movf	30,w	;volatile
  1092  0023  00F1               	movwf	??_isr
  1093  0024  0871               	movf	??_isr,w
  1094  0025  00F7               	movwf	_pot_1
  1095  0026                     i1l848:
  1096                           
  1097                           ;lab3_slave_main.c: 78: 
  1098  0026  151F               	bsf	31,2	;volatile
  1099  0027                     i1l850:
  1100                           
  1101                           ;lab3_slave_main.c: 79: 
  1102  0027  01F5               	clrf	_flag
  1103                           
  1104                           ;lab3_slave_main.c: 80:     ANSELH = 0x00;
  1105  0028  2830               	goto	i1l858
  1106  0029                     i1l852:
  1107                           
  1108                           ;lab3_slave_main.c: 81:     ANSEL = 0x03;
  1109  0029  081E               	movf	30,w	;volatile
  1110  002A  00F1               	movwf	??_isr
  1111  002B  0871               	movf	??_isr,w
  1112  002C  00F6               	movwf	_pot_2
  1113  002D                     i1l854:
  1114                           
  1115                           ;lab3_slave_main.c: 82: 
  1116  002D  111F               	bcf	31,2	;volatile
  1117  002E                     i1l856:
  1118                           
  1119                           ;lab3_slave_main.c: 83:     TRISA = 0x23;
  1120  002E  01F5               	clrf	_flag
  1121  002F  0AF5               	incf	_flag,f
  1122  0030                     i1l858:
  1123                           
  1124                           ;lab3_slave_main.c: 86:     TRISE = 0x00;
  1125  0030  130C               	bcf	12,6	;volatile
  1126                           
  1127                           ;lab3_slave_main.c: 87:     TRISB = 0x03;
  1128  0031  3027               	movlw	39
  1129  0032  00F1               	movwf	??_isr
  1130  0033                     u13_27:
  1131  0033  0BF1               	decfsz	??_isr,f
  1132  0034  2833               	goto	u13_27
  1133  0035  2836               	nop2
  1134  0036                     i1l860:
  1135                           
  1136                           ;lab3_slave_main.c: 88: 
  1137  0036  1283               	bcf	3,5	;RP0=0, select bank0
  1138  0037  1303               	bcf	3,6	;RP1=0, select bank0
  1139  0038  149F               	bsf	31,1	;volatile
  1140  0039                     i1l862:
  1141                           
  1142                           ;lab3_slave_main.c: 91:     PORTA = 0x00;
  1143  0039  1D8C               	btfss	12,3	;volatile
  1144  003A  283C               	goto	u5_21
  1145  003B  283D               	goto	u5_20
  1146  003C                     u5_21:
  1147  003C  2860               	goto	i1l876
  1148  003D                     u5_20:
  1149  003D                     i1l864:
  1150                           
  1151                           ;lab3_slave_main.c: 92:     PORTC = 0x00;
  1152  003D  120A  118A  2104  120A  118A  	fcall	_spiRead
  1153  0042  00F1               	movwf	??_isr
  1154  0043  0871               	movf	??_isr,w
  1155  0044  00F8               	movwf	_temp
  1156  0045                     i1l866:
  1157                           
  1158                           ;lab3_slave_main.c: 93:     PORTD = 0x00;
  1159  0045  0378               	decf	_temp,w
  1160  0046  1D03               	btfss	3,2
  1161  0047  2849               	goto	u6_21
  1162  0048  284A               	goto	u6_20
  1163  0049                     u6_21:
  1164  0049  2851               	goto	i1l870
  1165  004A                     u6_20:
  1166  004A                     i1l868:
  1167                           
  1168                           ;lab3_slave_main.c: 94:     PORTE = 0x00;
  1169  004A  0877               	movf	_pot_1,w
  1170  004B  120A  118A  2114  120A  118A  	fcall	_spiWrite
  1171                           
  1172                           ;lab3_slave_main.c: 95: 
  1173  0050  285D               	goto	i1l874
  1174  0051                     i1l870:
  1175  0051  3002               	movlw	2
  1176  0052  0678               	xorwf	_temp,w
  1177  0053  1D03               	btfss	3,2
  1178  0054  2856               	goto	u7_21
  1179  0055  2857               	goto	u7_20
  1180  0056                     u7_21:
  1181  0056  285D               	goto	i1l874
  1182  0057                     u7_20:
  1183  0057                     i1l872:
  1184                           
  1185                           ;lab3_slave_main.c: 97:     ADC();
  1186  0057  0876               	movf	_pot_2,w
  1187  0058  120A  118A  2114  120A  118A  	fcall	_spiWrite
  1188  005D                     i1l874:
  1189                           
  1190                           ;lab3_slave_main.c: 99: 
  1191  005D  1283               	bcf	3,5	;RP0=0, select bank0
  1192  005E  1303               	bcf	3,6	;RP1=0, select bank0
  1193  005F  118C               	bcf	12,3	;volatile
  1194  0060                     i1l876:
  1195                           
  1196                           ;lab3_slave_main.c: 103:     INTCONbits.GIE = 1;
  1197  0060  1C0B               	btfss	11,0	;volatile
  1198  0061  2863               	goto	u8_21
  1199  0062  2864               	goto	u8_20
  1200  0063                     u8_21:
  1201  0063  286B               	goto	i1l124
  1202  0064                     u8_20:
  1203  0064                     i1l878:
  1204                           
  1205                           ;lab3_slave_main.c: 105:     INTCONbits.T0IF = 0;
  1206  0064  1806               	btfsc	6,0	;volatile
  1207  0065  2867               	goto	u9_21
  1208  0066  2868               	goto	u9_20
  1209  0067                     u9_21:
  1210  0067  2869               	goto	i1l121
  1211  0068                     u9_20:
  1212  0068  286A               	goto	i1l122
  1213  0069                     i1l121:
  1214  0069  0806               	movf	6,w	;volatile
  1215  006A                     i1l122:
  1216                           
  1217                           ;lab3_slave_main.c: 111:     PIE1bits.ADIE = 1;
  1218  006A  100B               	bcf	11,0	;volatile
  1219  006B                     i1l124:
  1220  006B  0873               	movf	??_isr+2,w
  1221  006C  008A               	movwf	10
  1222  006D  0E72               	swapf	??_isr+1,w
  1223  006E  0083               	movwf	3
  1224  006F  0EFE               	swapf	btemp,f
  1225  0070  0E7E               	swapf	btemp,w
  1226  0071  0009               	retfie
  1227  0072                     __end_of_isr:
  1228                           
  1229                           	psect	intentry
  1230  0004                     __pintentry:	
  1231                           ;incstack = 0
  1232                           ; Regs used in _isr: [wreg+status,2+status,0+pclath+cstack]
  1233                           
  1234  0004                     interrupt_function:
  1235  007E                     saved_w	set	btemp
  1236  0004  00FE               	movwf	btemp
  1237  0005  0E03               	swapf	3,w
  1238  0006  00F2               	movwf	??_isr+1
  1239  0007  080A               	movf	10,w
  1240  0008  00F3               	movwf	??_isr+2
  1241  0009  120A  118A  2817   	ljmp	_isr
  1242                           
  1243                           	psect	text6
  1244  0114                     __ptext6:	
  1245 ;; *************** function _spiWrite *****************
  1246 ;; Defined at:
  1247 ;;		line 34 in file "SPI.c"
  1248 ;; Parameters:    Size  Location     Type
  1249 ;;  dat             1    wreg     unsigned char 
  1250 ;; Auto vars:     Size  Location     Type
  1251 ;;  dat             1    0[COMMON] unsigned char 
  1252 ;; Return value:  Size  Location     Type
  1253 ;;                  1    wreg      void 
  1254 ;; Registers used:
  1255 ;;		wreg
  1256 ;; Tracked objects:
  1257 ;;		On entry : 0/0
  1258 ;;		On exit  : 0/0
  1259 ;;		Unchanged: 0/0
  1260 ;; Data sizes:     COMMON   BANK0   BANK1   BANK3   BANK2
  1261 ;;      Params:         0       0       0       0       0
  1262 ;;      Locals:         1       0       0       0       0
  1263 ;;      Temps:          0       0       0       0       0
  1264 ;;      Totals:         1       0       0       0       0
  1265 ;;Total ram usage:        1 bytes
  1266 ;; Hardware stack levels used:    1
  1267 ;; This function calls:
  1268 ;;		Nothing
  1269 ;; This function is called by:
  1270 ;;		_isr
  1271 ;; This function uses a non-reentrant model
  1272 ;;
  1273                           
  1274                           
  1275                           ;psect for function _spiWrite
  1276  0114                     _spiWrite:
  1277                           
  1278                           ;incstack = 0
  1279                           ; Regs used in _spiWrite: [wreg]
  1280                           ;spiWrite@dat stored from wreg
  1281  0114  00F0               	movwf	spiWrite@dat
  1282  0115                     i1l772:
  1283                           
  1284                           ;SPI.c: 34: void spiWrite(char dat);SPI.c: 35: {;SPI.c: 36:     SSPBUF = dat;
  1285  0115  0870               	movf	spiWrite@dat,w
  1286  0116  1283               	bcf	3,5	;RP0=0, select bank0
  1287  0117  1303               	bcf	3,6	;RP1=0, select bank0
  1288  0118  0093               	movwf	19	;volatile
  1289  0119                     i1l35:
  1290  0119  0008               	return
  1291  011A                     __end_of_spiWrite:
  1292                           
  1293                           	psect	text7
  1294  0104                     __ptext7:	
  1295 ;; *************** function _spiRead *****************
  1296 ;; Defined at:
  1297 ;;		line 39 in file "SPI.c"
  1298 ;; Parameters:    Size  Location     Type
  1299 ;;		None
  1300 ;; Auto vars:     Size  Location     Type
  1301 ;;		None
  1302 ;; Return value:  Size  Location     Type
  1303 ;;                  1    wreg      unsigned char 
  1304 ;; Registers used:
  1305 ;;		wreg, status,2, status,0, pclath, cstack
  1306 ;; Tracked objects:
  1307 ;;		On entry : 0/0
  1308 ;;		On exit  : 0/0
  1309 ;;		Unchanged: 0/0
  1310 ;; Data sizes:     COMMON   BANK0   BANK1   BANK3   BANK2
  1311 ;;      Params:         0       0       0       0       0
  1312 ;;      Locals:         0       0       0       0       0
  1313 ;;      Temps:          0       0       0       0       0
  1314 ;;      Totals:         0       0       0       0       0
  1315 ;;Total ram usage:        0 bytes
  1316 ;; Hardware stack levels used:    1
  1317 ;; Hardware stack levels required when called:    1
  1318 ;; This function calls:
  1319 ;;		_spiReceiveWait
  1320 ;; This function is called by:
  1321 ;;		_isr
  1322 ;; This function uses a non-reentrant model
  1323 ;;
  1324                           
  1325                           
  1326                           ;psect for function _spiRead
  1327  0104                     _spiRead:
  1328  0104                     i1l774:	
  1329                           ;incstack = 0
  1330                           ; Regs used in _spiRead: [wreg+status,2+status,0+pclath+cstack]
  1331                           
  1332                           
  1333                           ;SPI.c: 41:     spiReceiveWait();
  1334  0104  120A  118A  210D  120A  118A  	fcall	_spiReceiveWait
  1335  0109                     i1l776:
  1336                           
  1337                           ;SPI.c: 42:     return(SSPBUF);
  1338  0109  1283               	bcf	3,5	;RP0=0, select bank0
  1339  010A  1303               	bcf	3,6	;RP1=0, select bank0
  1340  010B  0813               	movf	19,w	;volatile
  1341  010C                     i1l38:
  1342  010C  0008               	return
  1343  010D                     __end_of_spiRead:
  1344                           
  1345                           	psect	text8
  1346  010D                     __ptext8:	
  1347 ;; *************** function _spiReceiveWait *****************
  1348 ;; Defined at:
  1349 ;;		line 29 in file "SPI.c"
  1350 ;; Parameters:    Size  Location     Type
  1351 ;;		None
  1352 ;; Auto vars:     Size  Location     Type
  1353 ;;		None
  1354 ;; Return value:  Size  Location     Type
  1355 ;;                  1    wreg      void 
  1356 ;; Registers used:
  1357 ;;		None
  1358 ;; Tracked objects:
  1359 ;;		On entry : 0/0
  1360 ;;		On exit  : 0/0
  1361 ;;		Unchanged: 0/0
  1362 ;; Data sizes:     COMMON   BANK0   BANK1   BANK3   BANK2
  1363 ;;      Params:         0       0       0       0       0
  1364 ;;      Locals:         0       0       0       0       0
  1365 ;;      Temps:          0       0       0       0       0
  1366 ;;      Totals:         0       0       0       0       0
  1367 ;;Total ram usage:        0 bytes
  1368 ;; Hardware stack levels used:    1
  1369 ;; This function calls:
  1370 ;;		Nothing
  1371 ;; This function is called by:
  1372 ;;		_spiRead
  1373 ;; This function uses a non-reentrant model
  1374 ;;
  1375                           
  1376                           
  1377                           ;psect for function _spiReceiveWait
  1378  010D                     _spiReceiveWait:
  1379  010D                     i1l760:	
  1380                           ;incstack = 0
  1381                           ; Regs used in _spiReceiveWait: []
  1382                           
  1383  010D                     i1l29:	
  1384                           ;SPI.c: 31:     while ( !SSPSTATbits.BF );
  1385                           
  1386  010D  1683               	bsf	3,5	;RP0=1, select bank1
  1387  010E  1303               	bcf	3,6	;RP1=0, select bank1
  1388  010F  1C14               	btfss	20,0	;volatile
  1389  0110  2912               	goto	u2_21
  1390  0111  2913               	goto	u2_20
  1391  0112                     u2_21:
  1392  0112  290D               	goto	i1l29
  1393  0113                     u2_20:
  1394  0113                     i1l32:
  1395  0113  0008               	return
  1396  0114                     __end_of_spiReceiveWait:
  1397  007E                     btemp	set	126	;btemp
  1398  007E                     wtemp0	set	126
  1399                           
  1400                           	psect	config
  1401                           
  1402                           ;Config register CONFIG1 @ 0x2007
  1403                           ;	Oscillator Selection bits
  1404                           ;	FOSC = INTRC_NOCLKOUT, INTOSCIO oscillator: I/O function on RA6/OSC2/CLKOUT pin, I/O f
      +                          unction on RA7/OSC1/CLKIN
  1405                           ;	Watchdog Timer Enable bit
  1406                           ;	WDTE = OFF, WDT disabled and can be enabled by SWDTEN bit of the WDTCON register
  1407                           ;	Power-up Timer Enable bit
  1408                           ;	PWRTE = ON, PWRT enabled
  1409                           ;	RE3/MCLR pin function select bit
  1410                           ;	MCLRE = OFF, RE3/MCLR pin function is digital input, MCLR internally tied to VDD
  1411                           ;	Code Protection bit
  1412                           ;	CP = OFF, Program memory code protection is disabled
  1413                           ;	Data Code Protection bit
  1414                           ;	CPD = OFF, Data memory code protection is disabled
  1415                           ;	Brown Out Reset Selection bits
  1416                           ;	BOREN = OFF, BOR disabled
  1417                           ;	Internal External Switchover bit
  1418                           ;	IESO = OFF, Internal/External Switchover mode is disabled
  1419                           ;	Fail-Safe Clock Monitor Enabled bit
  1420                           ;	FCMEN = OFF, Fail-Safe Clock Monitor is disabled
  1421                           ;	Low Voltage Programming Enable bit
  1422                           ;	LVP = OFF, RB3 pin has digital I/O, HV on MCLR must be used for programming
  1423                           ;	In-Circuit Debugger Mode bit
  1424                           ;	DEBUG = 0x1, unprogrammed default
  1425  2007                     	org	8199
  1426  2007  20C4               	dw	8388
  1427                           
  1428                           ;Config register CONFIG2 @ 0x2008
  1429                           ;	Brown-out Reset Selection bit
  1430                           ;	BOR4V = BOR40V, Brown-out Reset set to 4.0V
  1431                           ;	Flash Program Memory Self Write Enable bits
  1432                           ;	WRT = OFF, Write protection off
  1433  2008                     	org	8200
  1434  2008  3FFF               	dw	16383

Data Sizes:
    Strings     0
    Constant    0
    Data        0
    BSS         4
    Persistent  0
    Stack       0

Auto Spaces:
    Space          Size  Autos    Used
    COMMON           14      5       9
    BANK0            80      3       3
    BANK1            80      0       0
    BANK3            96      0       0
    BANK2            96      0       0

Pointer List with Targets:

    None.

Critical Paths under _main in COMMON

    _setup->_ADC
    _setup->_spiInit

Critical Paths under _isr in COMMON

    _isr->_spiWrite

Critical Paths under _main in BANK0

    _setup->_spiInit

Critical Paths under _isr in BANK0

    None.

Critical Paths under _main in BANK1

    None.

Critical Paths under _isr in BANK1

    None.

Critical Paths under _main in BANK3

    None.

Critical Paths under _isr in BANK3

    None.

Critical Paths under _main in BANK2

    None.

Critical Paths under _isr in BANK2

    None.

Call Graph Tables:

 ---------------------------------------------------------------------------------
 (Depth) Function   	        Calls       Base Space   Used Autos Params    Refs
 ---------------------------------------------------------------------------------
 (0) _main                                                 0     0      0     456
                              _setup
 ---------------------------------------------------------------------------------
 (1) _setup                                                0     0      0     456
                                _ADC
                          _init_push
                            _spiInit
 ---------------------------------------------------------------------------------
 (2) _spiInit                                              4     1      3     456
                                              4 COMMON     1     1      0
                                              0 BANK0      3     0      3
 ---------------------------------------------------------------------------------
 (2) _init_push                                            0     0      0       0
 ---------------------------------------------------------------------------------
 (2) _ADC                                                  1     1      0       0
                                              4 COMMON     1     1      0
 ---------------------------------------------------------------------------------
 Estimated maximum stack depth 2
 ---------------------------------------------------------------------------------
 (Depth) Function   	        Calls       Base Space   Used Autos Params    Refs
 ---------------------------------------------------------------------------------
 (3) _isr                                                  3     3      0      15
                                              1 COMMON     3     3      0
                            _spiRead
                           _spiWrite
 ---------------------------------------------------------------------------------
 (4) _spiWrite                                             1     1      0      15
                                              0 COMMON     1     1      0
 ---------------------------------------------------------------------------------
 (4) _spiRead                                              0     0      0       0
                     _spiReceiveWait
 ---------------------------------------------------------------------------------
 (5) _spiReceiveWait                                       0     0      0       0
 ---------------------------------------------------------------------------------
 Estimated maximum stack depth 5
 ---------------------------------------------------------------------------------

 Call Graph Graphs:

 _main (ROOT)
   _setup
     _ADC
     _init_push
     _spiInit

 _isr (ROOT)
   _spiRead
     _spiReceiveWait
   _spiWrite

 Address spaces:
Name               Size   Autos  Total    Cost      Usage
BITCOMMON            E      0       0       0        0.0%
EEDATA             100      0       0       0        0.0%
NULL                 0      0       0       0        0.0%
CODE                 0      0       0       0        0.0%
COMMON               E      5       9       1       64.3%
BITSFR0              0      0       0       1        0.0%
SFR0                 0      0       0       1        0.0%
BITSFR1              0      0       0       2        0.0%
SFR1                 0      0       0       2        0.0%
STACK                0      0       0       2        0.0%
ABS                  0      0       C       3        0.0%
BITBANK0            50      0       0       4        0.0%
BITSFR3              0      0       0       4        0.0%
SFR3                 0      0       0       4        0.0%
BANK0               50      3       3       5        3.8%
BITSFR2              0      0       0       5        0.0%
SFR2                 0      0       0       5        0.0%
BITBANK1            50      0       0       6        0.0%
BANK1               50      0       0       7        0.0%
BITBANK3            60      0       0       8        0.0%
BANK3               60      0       0       9        0.0%
BITBANK2            60      0       0      10        0.0%
BANK2               60      0       0      11        0.0%
DATA                 0      0       C      12        0.0%


Microchip Technology PIC Macro Assembler V2.31 build 20201012212115 
Symbol Table                                                                                   Tue Aug 03 18:36:29 2021

                      l9 00F0              _SSPSTATbits 0094                       l25 00D5  
                     l26 00DA                      l130 0100                      l135 00BC  
                    l129 0100                      l146 00FA                      _ADC 00DB  
                    l740 00E0                      l742 00E8                      l744 00E9  
                    l746 00ED                      l738 00DB                      l762 00F1  
                    l764 00F4                      l766 00F6                      l768 00F7  
                    l960 00C5                      l962 00CB                      l970 0078  
                    l964 00CD                      l980 0084                      l972 007B  
                    l966 00D4                      l958 00BE                      l990 008D  
                    l982 0085                      l974 007D                      l992 008E  
                    l984 0087                      l976 0081                      l968 0072  
                    l994 008F                      l986 008B                      l978 0083  
                    l996 0094                      l988 008C                      l998 0099  
                    u110 00C5                      u111 00C4                      u127 00EB  
                    _isr 0017                     ?_ADC 0070                     l1000 009A  
                   l1010 00A3                     l1002 009B                     l1020 00AC  
                   l1012 00A4                     l1004 009C                     l1022 00AD  
                   l1014 00A5                     l1006 009D                     l1030 00FB  
                   l1024 00AE                     l1016 00A8                     l1008 00A0  
                   l1026 00AF                     l1018 00AB                     l1028 00B3  
                   _ADIF 0066                     ?_isr 0070                     _IOCB 0096  
                   i1l32 0113                     i1l35 0119                     i1l29 010D  
                   i1l38 010C                     _TMR0 0001                     _WPUB 0095  
                   u2_20 0113                     u2_21 0112                     u3_20 001D  
                   u3_21 001C                     u4_20 0022                     u4_21 0021  
                   u5_20 003D                     u5_21 003C                     u6_20 004A  
                   u6_21 0049                     u7_20 0057                     u7_21 0056  
                   u8_20 0064                     u8_21 0063                     u9_20 0068  
                   u9_21 0067                     _flag 0075                     _main 00FB  
                   _temp 0078                     btemp 007E                     start 000C  
                  ??_ADC 0074                    ??_isr 0071                    ?_main 0070  
                  _ANSEL 0188                    i1l121 0069                    i1l122 006A  
                  i1l124 006B                    i1l760 010D                    i1l850 0027  
                  i1l842 0017                    i1l772 0115                    i1l860 0036  
                  i1l852 0029                    i1l844 001D                    i1l774 0104  
                  i1l870 0051                    i1l854 002D                    i1l846 0022  
                  i1l862 0039                    i1l776 0109                    i1l872 0057  
                  i1l864 003D                    i1l856 002E                    i1l848 0026  
                  i1l874 005D                    i1l866 0045                    i1l858 0030  
                  i1l868 004A                    i1l876 0060                    i1l878 0064  
                  u13_27 0033                    _PORTA 0005                    _PORTB 0006  
                  _PORTC 0007                    _PORTD 0008                    _PORTE 0009  
                  _TRISA 0085                    _TRISB 0086                    _TRISC 0087  
                  _TRISD 0088                    _TRISE 0089                    _SSPIF 0063  
                  _pot_1 0077                    _pot_2 0076                    _setup 0072  
                  pclath 000A          __end_of_spiInit 00DB          __end_of_spiRead 010D  
                  status 0003                    wtemp0 007E          __initialization 000F  
           __end_of_main 0104                   ??_main 0075                   _ADRESH 001E  
                 ?_setup 0070                   _ANSELH 0189                   _TRISC3 043B  
                 _TRISC5 043D                   _SSPCON 0014                   _SSPBUF 0013  
                 saved_w 007E         __end_of_spiWrite 011A                ??_spiInit 0074  
              ??_spiRead 0070  __end_of__initialization 0013           __pcstackCOMMON 0070  
          __end_of_setup 00BD           _OPTION_REGbits 0081                  ??_setup 0075  
     __size_of_init_push 000A               __pmaintext 00FB               __pintentry 0004  
__size_of_spiReceiveWait 0007                  _SSPSTAT 0094                ?_spiWrite 0070  
                __ptext1 0072                  __ptext2 00BD                  __ptext3 00F1  
                __ptext4 00DB                  __ptext5 0017                  __ptext6 0114  
                __ptext7 0104                  __ptext8 010D             __size_of_ADC 0016  
           __size_of_isr 005B        __end_of_init_push 00FB                  _spiInit 00BD  
                _spiRead 0104     end_of_initialization 0013               ??_spiWrite 0070  
              _PORTBbits 0006                _TRISAbits 0085              spiWrite@dat 0070  
         _spiReceiveWait 010D      start_initialization 000F              __end_of_ADC 00F1  
            __end_of_isr 0072   __end_of_spiReceiveWait 0114              __pbssCOMMON 0075  
              ___latbits 0002            __pcstackBANK0 0020          ?_spiReceiveWait 0070  
      __size_of_spiWrite 0006                 ?_spiInit 0020                 ?_spiRead 0070  
              _init_push 00F1           __size_of_setup 004B     spiInit@sTransmitEdge 0022  
      interrupt_function 0004                 _PIE1bits 008C       spiInit@sDataSample 0020  
               _PIR1bits 000C               _ADCON0bits 001F               _ADCON1bits 009F  
             ?_init_push 0070         __size_of_spiInit 001E         __size_of_spiRead 0009  
          __size_of_main 0009                 _spiWrite 0114             spiInit@sType 0074  
      spiInit@sClockIdle 0021               _INTCONbits 000B              ??_init_push 0074  
               intlevel1 0000         ??_spiReceiveWait 0070               _OSCCONbits 008F  
